<?xml version="1.0" encoding="UTF-8"?>
<testng-results ignored="0" total="4" passed="3" failed="1" skipped="0">
  <reporter-output>
  </reporter-output>
  <suite started-at="2021-08-16T23:40:11 IST" name="Suite" finished-at="2021-08-16T23:41:06 IST" duration-ms="55125">
    <groups>
    </groups>
    <test started-at="2021-08-16T23:40:11 IST" name="Test" finished-at="2021-08-16T23:40:41 IST" duration-ms="30947">
      <class name="Academy.E2EProject2.HomePage">
        <test-method is-config="true" signature="initialize()[pri:0, instance:Academy.E2EProject2.HomePage@615f972]" started-at="2021-08-16T23:40:11 IST" name="initialize" finished-at="2021-08-16T23:40:15 IST" duration-ms="4243" status="PASS">
          <reporter-output>
          </reporter-output>
        </test-method> <!-- initialize -->
        <test-method signature="basePageNavigation(java.lang.String,java.lang.String)[pri:0, instance:Academy.E2EProject2.HomePage@615f972]" started-at="2021-08-16T23:40:15 IST" name="basePageNavigation" data-provider="getData" finished-at="2021-08-16T23:40:38 IST" duration-ms="23559" status="PASS">
          <params>
            <param index="0">
              <value>
                <![CDATA[nonrestricteduser@q.com]]>
              </value>
            </param>
            <param index="1">
              <value>
                <![CDATA[123456]]>
              </value>
            </param>
          </params>
          <reporter-output>
          </reporter-output>
        </test-method> <!-- basePageNavigation -->
        <test-method signature="basePageNavigation(java.lang.String,java.lang.String)[pri:0, instance:Academy.E2EProject2.HomePage@615f972]" started-at="2021-08-16T23:40:38 IST" name="basePageNavigation" data-provider="getData" finished-at="2021-08-16T23:40:41 IST" duration-ms="2972" status="PASS">
          <params>
            <param index="0">
              <value>
                <![CDATA[restricteduser@q.com]]>
              </value>
            </param>
            <param index="1">
              <value>
                <![CDATA[456788]]>
              </value>
            </param>
          </params>
          <reporter-output>
          </reporter-output>
        </test-method> <!-- basePageNavigation -->
        <test-method is-config="true" signature="tearDon()[pri:0, instance:Academy.E2EProject2.HomePage@615f972]" started-at="2021-08-16T23:40:41 IST" name="tearDon" finished-at="2021-08-16T23:40:41 IST" duration-ms="117" status="PASS">
          <reporter-output>
          </reporter-output>
        </test-method> <!-- tearDon -->
      </class> <!-- Academy.E2EProject2.HomePage -->
    </test> <!-- Test -->
    <test started-at="2021-08-16T23:40:42 IST" name="validateNavigationBar" finished-at="2021-08-16T23:40:56 IST" duration-ms="14293">
      <class name="Academy.E2EProject2.validateNavigationBar">
        <test-method is-config="true" signature="initialize()[pri:0, instance:Academy.E2EProject2.validateNavigationBar@cc62a3b]" started-at="2021-08-16T23:40:42 IST" name="initialize" finished-at="2021-08-16T23:40:55 IST" duration-ms="12987" status="PASS">
          <reporter-output>
          </reporter-output>
        </test-method> <!-- initialize -->
        <test-method signature="validateNavBar()[pri:0, instance:Academy.E2EProject2.validateNavigationBar@cc62a3b]" started-at="2021-08-16T23:40:55 IST" name="validateNavBar" finished-at="2021-08-16T23:40:55 IST" duration-ms="78" status="PASS">
          <reporter-output>
          </reporter-output>
        </test-method> <!-- validateNavBar -->
        <test-method is-config="true" signature="tearDon()[pri:0, instance:Academy.E2EProject2.validateNavigationBar@cc62a3b]" started-at="2021-08-16T23:40:55 IST" name="tearDon" finished-at="2021-08-16T23:40:56 IST" duration-ms="1224" status="PASS">
          <reporter-output>
          </reporter-output>
        </test-method> <!-- tearDon -->
      </class> <!-- Academy.E2EProject2.validateNavigationBar -->
    </test> <!-- validateNavigationBar -->
    <test started-at="2021-08-16T23:40:56 IST" name="AppTest" finished-at="2021-08-16T23:40:56 IST" duration-ms="1">
    </test> <!-- AppTest -->
    <test started-at="2021-08-16T23:40:56 IST" name="validateTitle" finished-at="2021-08-16T23:41:06 IST" duration-ms="9342">
      <class name="Academy.E2EProject2.validateTitle">
        <test-method is-config="true" signature="initialize()[pri:0, instance:Academy.E2EProject2.validateTitle@324dcd31]" started-at="2021-08-16T23:40:56 IST" name="initialize" finished-at="2021-08-16T23:41:05 IST" duration-ms="8540" status="PASS">
          <reporter-output>
          </reporter-output>
        </test-method> <!-- initialize -->
        <test-method signature="validateAppTitle()[pri:0, instance:Academy.E2EProject2.validateTitle@324dcd31]" started-at="2021-08-16T23:41:05 IST" name="validateAppTitle" finished-at="2021-08-16T23:41:05 IST" duration-ms="43" status="FAIL">
          <exception class="java.lang.AssertionError">
            <message>
              <![CDATA[expected [FEATURED COURSES123] but found [FEATURED COURSES]]]>
            </message>
            <full-stacktrace>
              <![CDATA[java.lang.AssertionError: expected [FEATURED COURSES123] but found [FEATURED COURSES]
at org.testng.Assert.fail(Assert.java:99)
at org.testng.Assert.failNotEquals(Assert.java:1037)
at org.testng.Assert.assertEqualsImpl(Assert.java:140)
at org.testng.Assert.assertEquals(Assert.java:122)
at org.testng.Assert.assertEquals(Assert.java:629)
at org.testng.Assert.assertEquals(Assert.java:639)
at Academy.E2EProject2.validateTitle.validateAppTitle(validateTitle.java:31)
at java.base/jdk.internal.reflect.NativeMethodAccessorImpl.invoke0(Native Method)
at java.base/jdk.internal.reflect.NativeMethodAccessorImpl.invoke(NativeMethodAccessorImpl.java:62)
at java.base/jdk.internal.reflect.DelegatingMethodAccessorImpl.invoke(DelegatingMethodAccessorImpl.java:43)
at java.base/java.lang.reflect.Method.invoke(Method.java:564)
at org.testng.internal.MethodInvocationHelper.invokeMethod(MethodInvocationHelper.java:133)
at org.testng.internal.TestInvoker.invokeMethod(TestInvoker.java:598)
at org.testng.internal.TestInvoker.invokeTestMethod(TestInvoker.java:173)
at org.testng.internal.MethodRunner.runInSequence(MethodRunner.java:46)
at org.testng.internal.TestInvoker$MethodInvocationAgent.invoke(TestInvoker.java:824)
at org.testng.internal.TestInvoker.invokeTestMethods(TestInvoker.java:146)
at org.testng.internal.TestMethodWorker.invokeTestMethods(TestMethodWorker.java:146)
at org.testng.internal.TestMethodWorker.run(TestMethodWorker.java:128)
at java.base/java.util.ArrayList.forEach(ArrayList.java:1511)
at org.testng.TestRunner.privateRun(TestRunner.java:794)
at org.testng.TestRunner.run(TestRunner.java:596)
at org.testng.SuiteRunner.runTest(SuiteRunner.java:377)
at org.testng.SuiteRunner.runSequentially(SuiteRunner.java:371)
at org.testng.SuiteRunner.privateRun(SuiteRunner.java:332)
at org.testng.SuiteRunner.run(SuiteRunner.java:276)
at org.testng.SuiteRunnerWorker.runSuite(SuiteRunnerWorker.java:53)
at org.testng.SuiteRunnerWorker.run(SuiteRunnerWorker.java:96)
at org.testng.TestNG.runSuitesSequentially(TestNG.java:1212)
at org.testng.TestNG.runSuitesLocally(TestNG.java:1134)
at org.testng.TestNG.runSuites(TestNG.java:1063)
at org.testng.TestNG.run(TestNG.java:1031)
at org.testng.remote.AbstractRemoteTestNG.run(AbstractRemoteTestNG.java:115)
at org.testng.remote.RemoteTestNG.initAndRun(RemoteTestNG.java:251)
at org.testng.remote.RemoteTestNG.main(RemoteTestNG.java:77)
]]>
            </full-stacktrace>
          </exception> <!-- java.lang.AssertionError -->
          <reporter-output>
          </reporter-output>
        </test-method> <!-- validateAppTitle -->
        <test-method is-config="true" signature="tearDon()[pri:0, instance:Academy.E2EProject2.validateTitle@324dcd31]" started-at="2021-08-16T23:41:06 IST" name="tearDon" finished-at="2021-08-16T23:41:06 IST" duration-ms="119" status="PASS">
          <reporter-output>
          </reporter-output>
        </test-method> <!-- tearDon -->
      </class> <!-- Academy.E2EProject2.validateTitle -->
    </test> <!-- validateTitle -->
  </suite> <!-- Suite -->
</testng-results>
